0 info it worked if it ends with ok
1 verbose cli [ '/Users/benjamin/.nvm/versions/node/v4.4.7/bin/node',
1 verbose cli   '/Users/benjamin/.nvm/versions/node/v4.4.7/bin/npm',
1 verbose cli   'start' ]
2 info using npm@2.15.8
3 info using node@v4.4.7
4 verbose stack Error: Failed to parse json
4 verbose stack Unexpected token 's' at 8:5
4 verbose stack 	  "start": "ts-node src/index.ts"
4 verbose stack 	   ^
4 verbose stack     at parseError (/Users/benjamin/.nvm/versions/node/v4.4.7/lib/node_modules/npm/node_modules/read-package-json/read-json.js:390:11)
4 verbose stack     at parseJson (/Users/benjamin/.nvm/versions/node/v4.4.7/lib/node_modules/npm/node_modules/read-package-json/read-json.js:79:23)
4 verbose stack     at /Users/benjamin/.nvm/versions/node/v4.4.7/lib/node_modules/npm/node_modules/read-package-json/read-json.js:48:5
4 verbose stack     at /Users/benjamin/.nvm/versions/node/v4.4.7/lib/node_modules/npm/node_modules/graceful-fs/graceful-fs.js:78:16
4 verbose stack     at FSReqWrap.readFileAfterClose [as oncomplete] (fs.js:380:3)
5 verbose cwd /Users/benjamin/Github : VS Code/sudoku-project
6 error Darwin 19.6.0
7 error argv "/Users/benjamin/.nvm/versions/node/v4.4.7/bin/node" "/Users/benjamin/.nvm/versions/node/v4.4.7/bin/npm" "start"
8 error node v4.4.7
9 error npm  v2.15.8
10 error file /Users/benjamin/Github : VS Code/sudoku-project/package.json
11 error code EJSONPARSE
12 error Failed to parse json
12 error Unexpected token 's' at 8:5
12 error 	  "start": "ts-node src/index.ts"
12 error 	   ^
13 error File: /Users/benjamin/Github : VS Code/sudoku-project/package.json
14 error Failed to parse package.json data.
14 error package.json must be actual JSON, not just JavaScript.
14 error
14 error This is not a bug in npm.
14 error Tell the package author to fix their package.json file. JSON.parse
15 verbose exit [ 1, true ]
